  Building Custom Rule D:/GitHub/minescape/lib/sfml/src/SFML/Graphics/CMakeLists.txt
  BlendMode.cpp
  Color.cpp
  Font.cpp
  Glsl.cpp
  GLCheck.cpp
  GLExtensions.cpp
  Image.cpp
  ImageLoader.cpp
  RenderStates.cpp
  RenderTexture.cpp
  RenderTarget.cpp
  RenderWindow.cpp
  Shader.cpp
  Texture.cpp
  TextureSaver.cpp
  Transform.cpp
  Transformable.cpp
  View.cpp
  Vertex.cpp
  GLLoader.cpp
  Shape.cpp
  CircleShape.cpp
  RectangleShape.cpp
  ConvexShape.cpp
  Sprite.cpp
  Text.cpp
  VertexArray.cpp
  VertexBuffer.cpp
  RenderTextureImpl.cpp
D:\GitHub\minescape\lib\sfml\src\SFML\Graphics\RenderTarget.cpp(618,5): warning C4267: 'argument': conversion from 'size_t' to 'GLint', possible loss of data
  RenderTextureImplFBO.cpp
  RenderTextureImplDefault.cpp
     Creating library D:/GitHub/minescapebuild/lib/sfml/lib/Debug/sfml-graphics-d.lib and object D:/GitHub/minescapebuild/lib/sfml/lib/Debug/sfml-graphics-d.exp
  sfml-graphics.vcxproj -> D:\GitHub\minescapebuild\bin\Debug\sfml-graphics-d-2.dll
