  Building Custom Rule D:/GitHub/minescape/lib/sfml/src/SFML/Window/CMakeLists.txt
  Clipboard.cpp
  Context.cpp
  Cursor.cpp
  GlContext.cpp
  GlResource.cpp
  Joystick.cpp
  JoystickManager.cpp
  Keyboard.cpp
  Mouse.cpp
  Touch.cpp
  Sensor.cpp
  SensorManager.cpp
  VideoMode.cpp
  Window.cpp
  WindowImpl.cpp
  CursorImpl.cpp
  ClipboardImpl.cpp
  WglContext.cpp
  WglExtensions.cpp
  InputImpl.cpp
  JoystickImpl.cpp
  SensorImpl.cpp
  VideoModeImpl.cpp
  WindowImplWin32.cpp
     Creating library D:/GitHub/minescapebuild/lib/sfml/lib/Debug/sfml-window-d.lib and object D:/GitHub/minescapebuild/lib/sfml/lib/Debug/sfml-window-d.exp
  sfml-window.vcxproj -> D:\GitHub\minescapebuild\bin\Debug\sfml-window-d-2.dll
