  Building Custom Rule D:/GitHub/minescape/lib/sfml/src/SFML/System/CMakeLists.txt
  Clock.cpp
  Err.cpp
  Lock.cpp
  Mutex.cpp
  Sleep.cpp
  String.cpp
  Thread.cpp
  ThreadLocal.cpp
  Time.cpp
  FileInputStream.cpp
  MemoryInputStream.cpp
  ClockImpl.cpp
  MutexImpl.cpp
  SleepImpl.cpp
  ThreadImpl.cpp
  ThreadLocalImpl.cpp
D:\GitHub\minescape\lib\sfml\src\SFML\System\Win32\ClockImpl.cpp(46,35): warning C4996: 'GetVersion': was declared deprecated
     Creating library D:/GitHub/minescapebuild/lib/sfml/lib/Debug/sfml-system-d.lib and object D:/GitHub/minescapebuild/lib/sfml/lib/Debug/sfml-system-d.exp
  sfml-system.vcxproj -> D:\GitHub\minescapebuild\bin\Debug\sfml-system-d-2.dll
