  Building Custom Rule D:/GitHub/minescape/lib/sfml/src/SFML/Audio/CMakeLists.txt
  ALCheck.cpp
  AlResource.cpp
  AudioDevice.cpp
  Listener.cpp
  Music.cpp
  Sound.cpp
  SoundBuffer.cpp
  SoundBufferRecorder.cpp
  InputSoundFile.cpp
  OutputSoundFile.cpp
  SoundRecorder.cpp
  SoundSource.cpp
  SoundStream.cpp
  SoundFileFactory.cpp
  SoundFileReaderFlac.cpp
  SoundFileReaderOgg.cpp
  SoundFileReaderWav.cpp
  SoundFileWriterFlac.cpp
  SoundFileWriterOgg.cpp
  SoundFileWriterWav.cpp
     Creating library D:/GitHub/minescapebuild/lib/sfml/lib/Debug/sfml-audio-d.lib and object D:/GitHub/minescapebuild/lib/sfml/lib/Debug/sfml-audio-d.exp
  sfml-audio.vcxproj -> D:\GitHub\minescapebuild\bin\Debug\sfml-audio-d-2.dll
