  Building Custom Rule D:/GitHub/minescape/CMakeLists.txt
  LevelSystem.cpp
D:\GitHub\minescape\engine\lib_tile_level_loader\LevelSystem.cpp(194,26): warning C4244: 'argument': conversion from 'T' to 'T', possible loss of data
          with
          [
              T=size_t
          ]
          and
          [
              T=float
          ]
D:\GitHub\minescape\engine\lib_tile_level_loader\LevelSystem.cpp(194,21): warning C4244: 'argument': conversion from 'T' to 'T', possible loss of data
          with
          [
              T=size_t
          ]
          and
          [
              T=float
          ]
  lib_tile_level_loader.vcxproj -> D:\GitHub\minescapebuild\Debug\lib_tile_level_loader.lib
